S=C=A=N: Tue Nov 28 14:16:37 2023: Collect start
/usr/bin/srun ../../fdtd_instr ./param_3d.txt
[DEBUG][/home/users/s/m/smage/hpc_proj/main.c:42] Using 27 processes, 3 dims
[DEBUG][/home/users/s/m/smage/hpc_proj/main.c:42] Using 27 processes, 3 dims
[DEBUG][/home/users/s/m/smage/hpc_proj/main.c:42] Using 27 processes, 3 dims
[DEBUG][/home/users/s/m/smage/hpc_proj/main.c:42] Using 27 processes, 3 dims
[DEBUG][/home/users/s/m/smage/hpc_proj/main.c:42] Using 27 processes, 3 dims
[DEBUG][/home/users/s/m/smage/hpc_proj/main.c:42] Using 27 processes, 3 dims
[DEBUG][/home/users/s/m/smage/hpc_proj/main.c:42] Using 27 processes, 3 dims
[DEBUG][/home/users/s/m/smage/hpc_proj/main.c:42] Using 27 processes, 3 dims
[DEBUG][/home/users/s/m/smage/hpc_proj/main.c:42] Using 27 processes, 3 dims
[DEBUG][/home/users/s/m/smage/hpc_proj/main.c:42] Using 27 processes, 3 dims
[DEBUG][/home/users/s/m/smage/hpc_proj/main.c:42] Using 27 processes, 3 dims
[DEBUG][/home/users/s/m/smage/hpc_proj/main.c:42] Using 27 processes, 3 dims
[DEBUG][/home/users/s/m/smage/hpc_proj/main.c:42] Using 27 processes, 3 dims
[DEBUG][/home/users/s/m/smage/hpc_proj/main.c:42] Using 27 processes, 3 dims
[DEBUG][/home/users/s/m/smage/hpc_proj/main.c:42] Using 27 processes, 3 dims
[DEBUG][/home/users/s/m/smage/hpc_proj/main.c:42] Using 27 processes, 3 dims
[DEBUG][/home/users/s/m/smage/hpc_proj/main.c:42] Using 27 processes, 3 dims
[DEBUG][/home/users/s/m/smage/hpc_proj/main.c:42] Using 27 processes, 3 dims
[DEBUG][/home/users/s/m/smage/hpc_proj/main.c:42] Using 27 processes, 3 dims
[DEBUG][/home/users/s/m/smage/hpc_proj/main.c:42] Using 27 processes, 3 dims
[DEBUG][/home/users/s/m/smage/hpc_proj/main.c:42] Using 27 processes, 3 dims
[DEBUG][/home/users/s/m/smage/hpc_proj/main.c:42] Using 27 processes, 3 dims
[DEBUG][/home/users/s/m/smage/hpc_proj/main.c:42] Using 27 processes, 3 dims
[DEBUG][/home/users/s/m/smage/hpc_proj/main.c:42] Using 27 processes, 3 dims
[DEBUG][/home/users/s/m/smage/hpc_proj/main.c:42] Using 27 processes, 3 dims
[DEBUG][/home/users/s/m/smage/hpc_proj/main.c:42] Using 27 processes, 3 dims
[DEBUG][/home/users/s/m/smage/hpc_proj/main.c:42] Using 27 processes, 3 dims
[DEBUG][/home/users/s/m/smage/hpc_proj/main.c:48] Created a 3x3x3 simulation
[DEBUG][/home/users/s/m/smage/hpc_proj/main.c:48] Created a 3x3x3 simulation
[DEBUG][/home/users/s/m/smage/hpc_proj/main.c:48] Created a 3x3x3 simulation
[DEBUG][/home/users/s/m/smage/hpc_proj/main.c:48] Created a 3x3x3 simulation
[DEBUG][/home/users/s/m/smage/hpc_proj/main.c:48] Created a 3x3x3 simulation
[DEBUG][/home/users/s/m/smage/hpc_proj/main.c:48] Created a 3x3x3 simulation
[DEBUG][/home/users/s/m/smage/hpc_proj/main.c:48] Created a 3x3x3 simulation
[DEBUG][/home/users/s/m/smage/hpc_proj/main.c:48] Created a 3x3x3 simulation
[DEBUG][/home/users/s/m/smage/hpc_proj/main.c:48] Created a 3x3x3 simulation
[DEBUG][/home/users/s/m/smage/hpc_proj/main.c:48] Created a 3x3x3 simulation
[DEBUG][/home/users/s/m/smage/hpc_proj/main.c:48] Created a 3x3x3 simulation
[DEBUG][/home/users/s/m/smage/hpc_proj/main.c:48] Created a 3x3x3 simulation
[DEBUG][/home/users/s/m/smage/hpc_proj/main.c:48] Created a 3x3x3 simulation
[DEBUG][/home/users/s/m/smage/hpc_proj/main.c:48] Created a 3x3x3 simulation
[DEBUG][/home/users/s/m/smage/hpc_proj/main.c:48] Created a 3x3x3 simulation
[DEBUG][/home/users/s/m/smage/hpc_proj/main.c:48] Created a 3x3x3 simulation
[DEBUG][/home/users/s/m/smage/hpc_proj/main.c:48] Created a 3x3x3 simulation
[DEBUG][/home/users/s/m/smage/hpc_proj/main.c:48] Created a 3x3x3 simulation
[DEBUG][/home/users/s/m/smage/hpc_proj/main.c:48] Created a 3x3x3 simulation
[DEBUG][/home/users/s/m/smage/hpc_proj/main.c:48] Created a 3x3x3 simulation
[DEBUG][/home/users/s/m/smage/hpc_proj/main.c:48] Created a 3x3x3 simulation
[DEBUG][/home/users/s/m/smage/hpc_proj/main.c:48] Created a 3x3x3 simulation
[DEBUG][/home/users/s/m/smage/hpc_proj/main.c:48] Created a 3x3x3 simulation
[DEBUG][/home/users/s/m/smage/hpc_proj/main.c:48] Created a 3x3x3 simulation
[DEBUG][/home/users/s/m/smage/hpc_proj/main.c:48] Created a 3x3x3 simulation
[DEBUG][/home/users/s/m/smage/hpc_proj/main.c:48] Created a 3x3x3 simulation
[DEBUG][/home/users/s/m/smage/hpc_proj/main.c:48] Created a 3x3x3 simulation
[DEBUG][/home/users/s/m/smage/hpc_proj/simulation.c:69] Total num nodes on grid is 100x100x100
[DEBUG][/home/users/s/m/smage/hpc_proj/simulation.c:69] Total num nodes on grid is 100x100x100
[DEBUG][/home/users/s/m/smage/hpc_proj/simulation.c:69] Total num nodes on grid is 100x100x100
[DEBUG][/home/users/s/m/smage/hpc_proj/simulation.c:69] Total num nodes on grid is 100x100x100
[DEBUG][/home/users/s/m/smage/hpc_proj/simulation.c:69] Total num nodes on grid is 100x100x100
[DEBUG][/home/users/s/m/smage/hpc_proj/simulation.c:69] Total num nodes on grid is 100x100x100
[DEBUG][/home/users/s/m/smage/hpc_proj/simulation.c:69] Total num nodes on grid is 100x100x100
[DEBUG][/home/users/s/m/smage/hpc_proj/simulation.c:69] Total num nodes on grid is 100x100x100
[DEBUG][/home/users/s/m/smage/hpc_proj/simulation.c:69] Total num nodes on grid is 100x100x100
[DEBUG][/home/users/s/m/smage/hpc_proj/simulation.c:69] Total num nodes on grid is 100x100x100
[DEBUG][/home/users/s/m/smage/hpc_proj/simulation.c:69] Total num nodes on grid is 100x100x100
[DEBUG][/home/users/s/m/smage/hpc_proj/simulation.c:69] Total num nodes on grid is 100x100x100
[DEBUG][/home/users/s/m/smage/hpc_proj/simulation.c:69] Total num nodes on grid is 100x100x100
[DEBUG][/home/users/s/m/smage/hpc_proj/simulation.c:69] Total num nodes on grid is 100x100x100
[DEBUG][/home/users/s/m/smage/hpc_proj/simulation.c:69] Total num nodes on grid is 100x100x100
[DEBUG][/home/users/s/m/smage/hpc_proj/simulation.c:69] Total num nodes on grid is 100x100x100
[DEBUG][/home/users/s/m/smage/hpc_proj/simulation.c:69] Total num nodes on grid is 100x100x100
[DEBUG][/home/users/s/m/smage/hpc_proj/simulation.c:69] Total num nodes on grid is 100x100x100
[DEBUG][/home/users/s/m/smage/hpc_proj/simulation.c:69] Total num nodes on grid is 100x100x100
[DEBUG][/home/users/s/m/smage/hpc_proj/simulation.c:69] Total num nodes on grid is 100x100x100
[DEBUG][/home/users/s/m/smage/hpc_proj/simulation.c:69] Total num nodes on grid is 100x100x100
[DEBUG][/home/users/s/m/smage/hpc_proj/simulation.c:69] Total num nodes on grid is 100x100x100
[DEBUG][/home/users/s/m/smage/hpc_proj/simulation.c:69] Total num nodes on grid is 100x100x100
[DEBUG][/home/users/s/m/smage/hpc_proj/simulation.c:69] Total num nodes on grid is 100x100x100
[DEBUG][/home/users/s/m/smage/hpc_proj/simulation.c:69] Total num nodes on grid is 100x100x100
[DEBUG][/home/users/s/m/smage/hpc_proj/simulation.c:69] Total num nodes on grid is 100x100x100
[DEBUG][/home/users/s/m/smage/hpc_proj/simulation.c:69] Total num nodes on grid is 100x100x100

 Grid spacing: 0.01
  Grid size X: 33
  Grid size Y: 33
  Grid size Z: 33
    Time step: 5e-07
 Maximum time: 0.001

     Output rate: every 200 step(s)
 Output sampling: 10000 Hz

 Output files:

      pressure: complete dump to file 2_0_0_out_p.dat

 Source infos:

          type: sine wave
     frequency: 3400 Hz
    position x: 0.5
    position y: 0.5
    position z: 0.5


 Grid spacing: 0.01
  Grid size X: 33
  Grid size Y: 33
  Grid size Z: 33
    Time step: 5e-07
 Maximum time: 0.001

     Output rate: every 200 step(s)
 Output sampling: 10000 Hz

 Output files:

      pressure: complete dump to file 0_1_1_out_p.dat

 Source infos:

          type: sine wave
     frequency: 3400 Hz
    position x: 0.5
    position y: 0.5
    position z: 0.5


 Grid spacing: 0.01
  Grid size X: 33
  Grid size Y: 33
  Grid size Z: 33
    Time step: 5e-07
 Maximum time: 0.001

     Output rate: every 200 step(s)
 Output sampling: 10000 Hz

 Output files:

      pressure: complete dump to file 1_1_0_out_p.dat

 Source infos:

          type: sine wave
     frequency: 3400 Hz
    position x: 0.5
    position y: 0.5
    position z: 0.5


 Grid spacing: 0.01
  Grid size X: 33
  Grid size Y: 33
  Grid size Z: 33
    Time step: 5e-07
 Maximum time: 0.001

     Output rate: every 200 step(s)
 Output sampling: 10000 Hz

 Output files:

      pressure: complete dump to file 0_2_0_out_p.dat

 Source infos:

          type: sine wave
     frequency: 3400 Hz
    position x: 0.5
    position y: 0.5
    position z: 0.5


 Grid spacing: 0.01
  Grid size X: 33
  Grid size Y: 33
  Grid size Z: 33
    Time step: 5e-07
 Maximum time: 0.001

     Output rate: every 200 step(s)
 Output sampling: 10000 Hz

 Output files:

      pressure: complete dump to file 1_0_0_out_p.dat

 Source infos:

          type: sine wave
     frequency: 3400 Hz
    position x: 0.5
    position y: 0.5
    position z: 0.5


 Grid spacing: 0.01
  Grid size X: 33
  Grid size Y: 33
  Grid size Z: 33
    Time step: 5e-07
 Maximum time: 0.001

     Output rate: every 200 step(s)
 Output sampling: 10000 Hz

 Output files:

      pressure: complete dump to file 2_1_2_out_p.dat

 Source infos:

          type: sine wave
     frequency: 3400 Hz
    position x: 0.5
    position y: 0.5
    position z: 0.5


 Grid spacing: 0.01
  Grid size X: 33
  Grid size Y: 33
  Grid size Z: 33
    Time step: 5e-07
 Maximum time: 0.001

     Output rate: every 200 step(s)
 Output sampling: 10000 Hz

 Output files:

      pressure: complete dump to file 0_1_2_out_p.dat

 Source infos:

          type: sine wave
     frequency: 3400 Hz
    position x: 0.5
    position y: 0.5
    position z: 0.5


 Grid spacing: 0.01
  Grid size X: 33
  Grid size Y: 33
  Grid size Z: 33
    Time step: 5e-07
 Maximum time: 0.001

     Output rate: every 200 step(s)
 Output sampling: 10000 Hz

 Output files:

      pressure: complete dump to file 1_0_2_out_p.dat

 Source infos:

          type: sine wave
     frequency: 3400 Hz
    position x: 0.5
    position y: 0.5
    position z: 0.5


 Grid spacing: 0.01
  Grid size X: 33
  Grid size Y: 33
  Grid size Z: 33
    Time step: 5e-07
 Maximum time: 0.001

     Output rate: every 200 step(s)
 Output sampling: 10000 Hz

 Output files:

      pressure: complete dump to file 0_2_1_out_p.dat

 Source infos:

          type: sine wave
     frequency: 3400 Hz
    position x: 0.5
    position y: 0.5
    position z: 0.5


 Grid spacing: 0.01
  Grid size X: 33
  Grid size Y: 33
  Grid size Z: 33
    Time step: 5e-07
 Maximum time: 0.001

     Output rate: every 200 step(s)
 Output sampling: 10000 Hz

 Output files:

      pressure: complete dump to file 1_1_1_out_p.dat

 Source infos:

          type: sine wave
     frequency: 3400 Hz
    position x: 0.5
    position y: 0.5
    position z: 0.5


 Grid spacing: 0.01
  Grid size X: 33
  Grid size Y: 33
  Grid size Z: 33
    Time step: 5e-07
 Maximum time: 0.001

     Output rate: every 200 step(s)
 Output sampling: 10000 Hz

 Output files:

      pressure: complete dump to file 2_1_0_out_p.dat

 Source infos:

          type: sine wave
     frequency: 3400 Hz
    position x: 0.5
    position y: 0.5
    position z: 0.5


 Grid spacing: 0.01
  Grid size X: 33
  Grid size Y: 33
  Grid size Z: 33
    Time step: 5e-07
 Maximum time: 0.001

     Output rate: every 200 step(s)
 Output sampling: 10000 Hz

 Output files:

      pressure: complete dump to file 1_0_1_out_p.dat

 Source infos:

          type: sine wave
     frequency: 3400 Hz
    position x: 0.5
    position y: 0.5
    position z: 0.5


 Grid spacing: 0.01
  Grid size X: 33
  Grid size Y: 33
  Grid size Z: 33
    Time step: 5e-07
 Maximum time: 0.001

     Output rate: every 200 step(s)
 Output sampling: 10000 Hz

 Output files:

      pressure: complete dump to file 1_1_2_out_p.dat

 Source infos:

          type: sine wave
     frequency: 3400 Hz
    position x: 0.5
    position y: 0.5
    position z: 0.5


 Grid spacing: 0.01
  Grid size X: 33
  Grid size Y: 33
  Grid size Z: 33
    Time step: 5e-07
 Maximum time: 0.001

     Output rate: every 200 step(s)
 Output sampling: 10000 Hz

 Output files:

      pressure: complete dump to file 1_2_0_out_p.dat

 Source infos:

          type: sine wave
     frequency: 3400 Hz
    position x: 0.5
    position y: 0.5
    position z: 0.5


 Grid spacing: 0.01
  Grid size X: 33
  Grid size Y: 33
  Grid size Z: 33
    Time step: 5e-07
 Maximum time: 0.001

     Output rate: every 200 step(s)
 Output sampling: 10000 Hz

 Output files:

      pressure: complete dump to file 0_1_0_out_p.dat

 Source infos:

          type: sine wave
     frequency: 3400 Hz
    position x: 0.5
    position y: 0.5
    position z: 0.5


 Grid spacing: 0.01
  Grid size X: 33
  Grid size Y: 33
  Grid size Z: 33
    Time step: 5e-07
 Maximum time: 0.001

     Output rate: every 200 step(s)
 Output sampling: 10000 Hz

 Output files:

      pressure: complete dump to file 1_2_1_out_p.dat

 Source infos:

          type: sine wave
     frequency: 3400 Hz
    position x: 0.5
    position y: 0.5
    position z: 0.5


 Grid spacing: 0.01
  Grid size X: 33
  Grid size Y: 33
  Grid size Z: 33
    Time step: 5e-07
 Maximum time: 0.001

     Output rate: every 200 step(s)
 Output sampling: 10000 Hz

 Output files:

      pressure: complete dump to file 1_2_2_out_p.dat

 Source infos:

          type: sine wave
     frequency: 3400 Hz
    position x: 0.5
    position y: 0.5
    position z: 0.5


 Grid spacing: 0.01
  Grid size X: 33
  Grid size Y: 33
  Grid size Z: 33
    Time step: 5e-07
 Maximum time: 0.001

     Output rate: every 200 step(s)
 Output sampling: 10000 Hz

 Output files:

      pressure: complete dump to file 2_0_2_out_p.dat

 Source infos:

          type: sine wave
     frequency: 3400 Hz
    position x: 0.5
    position y: 0.5
    position z: 0.5


 Grid spacing: 0.01
  Grid size X: 33
  Grid size Y: 33
  Grid size Z: 33
    Time step: 5e-07
 Maximum time: 0.001

     Output rate: every 200 step(s)
 Output sampling: 10000 Hz

 Output files:

      pressure: complete dump to file 2_2_2_out_p.dat

 Source infos:

          type: sine wave
     frequency: 3400 Hz
    position x: 0.5
    position y: 0.5
    position z: 0.5


 Grid spacing: 0.01
  Grid size X: 33
  Grid size Y: 33
  Grid size Z: 33
    Time step: 5e-07
 Maximum time: 0.001

     Output rate: every 200 step(s)
 Output sampling: 10000 Hz

 Output files:

      pressure: complete dump to file 0_0_1_out_p.dat

 Source infos:

          type: sine wave
     frequency: 3400 Hz
    position x: 0.5
    position y: 0.5
    position z: 0.5


 Grid spacing: 0.01
  Grid size X: 33
  Grid size Y: 33
  Grid size Z: 33
    Time step: 5e-07
 Maximum time: 0.001

     Output rate: every 200 step(s)
 Output sampling: 10000 Hz

 Output files:

      pressure: complete dump to file 2_1_1_out_p.dat

 Source infos:

          type: sine wave
     frequency: 3400 Hz
    position x: 0.5
    position y: 0.5
    position z: 0.5


 Grid spacing: 0.01
  Grid size X: 33
  Grid size Y: 33
  Grid size Z: 33
    Time step: 5e-07
 Maximum time: 0.001

     Output rate: every 200 step(s)
 Output sampling: 10000 Hz

 Output files:

      pressure: complete dump to file 0_0_2_out_p.dat

 Source infos:

          type: sine wave
     frequency: 3400 Hz
    position x: 0.5
    position y: 0.5
    position z: 0.5


 Grid spacing: 0.01
  Grid size X: 33
  Grid size Y: 33
  Grid size Z: 33
    Time step: 5e-07
 Maximum time: 0.001

     Output rate: every 200 step(s)
 Output sampling: 10000 Hz

 Output files:

      pressure: complete dump to file 2_2_1_out_p.dat

 Source infos:

          type: sine wave
     frequency: 3400 Hz
    position x: 0.5
    position y: 0.5
    position z: 0.5


 Grid spacing: 0.01
  Grid size X: 33
  Grid size Y: 33
  Grid size Z: 33
    Time step: 5e-07
 Maximum time: 0.001

     Output rate: every 200 step(s)
 Output sampling: 10000 Hz

 Output files:

      pressure: complete dump to file 2_0_1_out_p.dat

 Source infos:

          type: sine wave
     frequency: 3400 Hz
    position x: 0.5
    position y: 0.5
    position z: 0.5


 Grid spacing: 0.01
  Grid size X: 33
  Grid size Y: 33
  Grid size Z: 33
    Time step: 5e-07
 Maximum time: 0.001

     Output rate: every 200 step(s)
 Output sampling: 10000 Hz

 Output files:

      pressure: complete dump to file 2_2_0_out_p.dat

 Source infos:

          type: sine wave
     frequency: 3400 Hz
    position x: 0.5
    position y: 0.5
    position z: 0.5


 Grid spacing: 0.01
  Grid size X: 33
  Grid size Y: 33
  Grid size Z: 33
    Time step: 5e-07
 Maximum time: 0.001

     Output rate: every 200 step(s)
 Output sampling: 10000 Hz

 Output files:

      pressure: complete dump to file 0_2_2_out_p.dat

 Source infos:

          type: sine wave
     frequency: 3400 Hz
    position x: 0.5
    position y: 0.5
    position z: 0.5


 Grid spacing: 0.01
  Grid size X: 33
  Grid size Y: 33
  Grid size Z: 33
    Time step: 5e-07
 Maximum time: 0.001

     Output rate: every 200 step(s)
 Output sampling: 10000 Hz

 Output files:

      pressure: complete dump to file 0_0_0_out_p.dat

 Source infos:

          type: sine wave
     frequency: 3400 Hz
    position x: 0.5
    position y: 0.5
    position z: 0.5

job 7: step      200/2000 (ETA:   14.370 seconds)
job 17: step      200/2000 (ETA:   14.368 seconds)
job 23: step      200/2000 (ETA:   14.357 seconds)
job 25: step      200/2000 (ETA:   14.355 seconds)
job 15: step      200/2000 (ETA:   14.364 seconds)
job 26: step      200/2000 (ETA:   14.368 seconds)
job 13: step      200/2000 (ETA:   14.365 seconds)
job 5: step      200/2000 (ETA:   14.369 seconds)
job 3: step      200/2000 (ETA:   14.366 seconds)
job 19: step      200/2000 (ETA:   14.364 seconds)
job 11: step      200/2000 (ETA:   14.371 seconds)
job 9: step      200/2000 (ETA:   14.375 seconds)
job 21: step      200/2000 (ETA:   14.373 seconds)
job 6: step      200/2000 (ETA:   14.375 seconds)
job 14: step      200/2000 (ETA:   14.366 seconds)
job 10: step      200/2000 (ETA:   14.367 seconds)
job 18: step      200/2000 (ETA:   14.338 seconds)
job 22: step      200/2000 (ETA:   14.356 seconds)
job 1: step      200/2000 (ETA:   14.345 seconds)
job 2: step      200/2000 (ETA:   14.340 seconds)
job 12: step      200/2000 (ETA:   14.376 seconds)
job 20: step      200/2000 (ETA:   14.371 seconds)
job 4: step      200/2000 (ETA:   14.380 seconds)
job 24: step      200/2000 (ETA:   13.799 seconds)
job 8: step      200/2000 (ETA:   14.327 seconds)
job 16: step      200/2000 (ETA:   14.354 seconds)
job 0: step      200/2000 (ETA:   16.968 seconds)
job 7: step      400/2000 (ETA:   12.672 seconds)
job 23: step      400/2000 (ETA:   12.674 seconds)
job 13: step      400/2000 (ETA:   12.676 seconds)
job 15: step      400/2000 (ETA:   12.677 seconds)
job 19: step      400/2000 (ETA:   12.675 seconds)
job 25: step      400/2000 (ETA:   12.674 seconds)
job 17: step      400/2000 (ETA:   12.680 seconds)
job 21: step      400/2000 (ETA:   12.679 seconds)
job 26: step      400/2000 (ETA:   12.683 seconds)
job 14: step      400/2000 (ETA:   12.676 seconds)
job 9: step      400/2000 (ETA:   12.682 seconds)
job 18: step      400/2000 (ETA:   12.661 seconds)
job 22: step      400/2000 (ETA:   12.672 seconds)
job 11: step      400/2000 (ETA:   12.680 seconds)
job 5: step      400/2000 (ETA:   12.674 seconds)
job 3: step      400/2000 (ETA:   12.672 seconds)
job 10: step      400/2000 (ETA:   12.677 seconds)
job 6: step      400/2000 (ETA:   12.682 seconds)
job 20: step      400/2000 (ETA:   12.677 seconds)
job 12: step      400/2000 (ETA:   12.681 seconds)
job 1: step      400/2000 (ETA:   12.669 seconds)
job 2: step      400/2000 (ETA:   12.664 seconds)
job 24: step      400/2000 (ETA:   12.425 seconds)
job 4: step      400/2000 (ETA:   12.684 seconds)
job 8: step      400/2000 (ETA:   12.650 seconds)
job 16: step      400/2000 (ETA:   12.671 seconds)
job 0: step      400/2000 (ETA:   13.834 seconds)
job 23: step      600/2000 (ETA:   11.100 seconds)
job 15: step      600/2000 (ETA:   11.104 seconds)
job 17: step      600/2000 (ETA:   11.106 seconds)
job 25: step      600/2000 (ETA:   11.103 seconds)
job 26: step      600/2000 (ETA:   11.109 seconds)
job 7: step      600/2000 (ETA:   11.102 seconds)
job 13: step      600/2000 (ETA:   11.105 seconds)
job 19: step      600/2000 (ETA:   11.104 seconds)
job 21: step      600/2000 (ETA:   11.093 seconds)
job 5: step      600/2000 (ETA:   11.099 seconds)
job 14: step      600/2000 (ETA:   11.104 seconds)
job 3: step      600/2000 (ETA:   11.098 seconds)
job 9: step      600/2000 (ETA:   11.108 seconds)
job 11: step      600/2000 (ETA:   11.106 seconds)
job 18: step      600/2000 (ETA:   11.094 seconds)
job 1: step      600/2000 (ETA:   11.099 seconds)
job 6: step      600/2000 (ETA:   11.107 seconds)
job 10: step      600/2000 (ETA:   11.104 seconds)
job 22: step      600/2000 (ETA:   11.102 seconds)
job 2: step      600/2000 (ETA:   11.091 seconds)
job 20: step      600/2000 (ETA:   11.104 seconds)
job 4: step      600/2000 (ETA:   11.105 seconds)
job 12: step      600/2000 (ETA:   11.107 seconds)
job 24: step      600/2000 (ETA:   10.876 seconds)
job 8: step      600/2000 (ETA:   11.086 seconds)
job 16: step      600/2000 (ETA:   11.094 seconds)
job 0: step      600/2000 (ETA:   11.780 seconds)
job 17: step      800/2000 (ETA:    9.496 seconds)
job 23: step      800/2000 (ETA:    9.492 seconds)
job 25: step      800/2000 (ETA:    9.494 seconds)
job 5: step      800/2000 (ETA:    9.489 seconds)
job 7: step      800/2000 (ETA:    9.494 seconds)
job 26: step      800/2000 (ETA:    9.500 seconds)
job 19: step      800/2000 (ETA:    9.494 seconds)
job 15: step      800/2000 (ETA:    9.495 seconds)
job 3: step      800/2000 (ETA:    9.488 seconds)
job 11: step      800/2000 (ETA:    9.496 seconds)
job 21: step      800/2000 (ETA:    9.488 seconds)
job 9: step      800/2000 (ETA:    9.497 seconds)
job 6: step      800/2000 (ETA:    9.496 seconds)
job 13: step      800/2000 (ETA:    9.495 seconds)
job 10: step      800/2000 (ETA:    9.494 seconds)
job 18: step      800/2000 (ETA:    9.486 seconds)
job 22: step      800/2000 (ETA:    9.493 seconds)
job 1: step      800/2000 (ETA:    9.492 seconds)
job 14: step      800/2000 (ETA:    9.494 seconds)
job 2: step      800/2000 (ETA:    9.486 seconds)
job 12: step      800/2000 (ETA:    9.496 seconds)
job 20: step      800/2000 (ETA:    9.494 seconds)
job 4: step      800/2000 (ETA:    9.495 seconds)
job 24: step      800/2000 (ETA:    9.347 seconds)
job 8: step      800/2000 (ETA:    9.482 seconds)
job 16: step      800/2000 (ETA:    9.487 seconds)
job 0: step      800/2000 (ETA:    9.932 seconds)
job 25: step     1000/2000 (ETA:    7.908 seconds)
job 26: step     1000/2000 (ETA:    7.912 seconds)
job 15: step     1000/2000 (ETA:    7.909 seconds)
job 23: step     1000/2000 (ETA:    7.906 seconds)
job 17: step     1000/2000 (ETA:    7.910 seconds)
job 21: step     1000/2000 (ETA:    7.904 seconds)
job 22: step     1000/2000 (ETA:    7.907 seconds)
job 7: step     1000/2000 (ETA:    7.908 seconds)
job 19: step     1000/2000 (ETA:    7.908 seconds)
job 13: step     1000/2000 (ETA:    7.909 seconds)
job 3: step     1000/2000 (ETA:    7.903 seconds)
job 5: step     1000/2000 (ETA:    7.904 seconds)
job 9: step     1000/2000 (ETA:    7.911 seconds)
job 11: step     1000/2000 (ETA:    7.910 seconds)
job 6: step     1000/2000 (ETA:    7.910 seconds)
job 14: step     1000/2000 (ETA:    7.908 seconds)
job 18: step     1000/2000 (ETA:    7.903 seconds)
job 1: step     1000/2000 (ETA:    7.907 seconds)
job 2: step     1000/2000 (ETA:    7.903 seconds)
job 10: step     1000/2000 (ETA:    7.908 seconds)
job 12: step     1000/2000 (ETA:    7.909 seconds)
job 4: step     1000/2000 (ETA:    7.908 seconds)
job 20: step     1000/2000 (ETA:    7.908 seconds)
job 24: step     1000/2000 (ETA:    7.811 seconds)
job 8: step     1000/2000 (ETA:    7.898 seconds)
job 16: step     1000/2000 (ETA:    7.903 seconds)
job 0: step     1000/2000 (ETA:    8.189 seconds)
job 25: step     1200/2000 (ETA:    6.315 seconds)
job 26: step     1200/2000 (ETA:    6.319 seconds)
job 23: step     1200/2000 (ETA:    6.314 seconds)
job 15: step     1200/2000 (ETA:    6.316 seconds)
job 17: step     1200/2000 (ETA:    6.317 seconds)
job 7: step     1200/2000 (ETA:    6.315 seconds)
job 13: step     1200/2000 (ETA:    6.316 seconds)
job 19: step     1200/2000 (ETA:    6.315 seconds)
job 5: step     1200/2000 (ETA:    6.312 seconds)
job 21: step     1200/2000 (ETA:    6.313 seconds)
job 3: step     1200/2000 (ETA:    6.311 seconds)
job 9: step     1200/2000 (ETA:    6.317 seconds)
job 11: step     1200/2000 (ETA:    6.316 seconds)
job 1: step     1200/2000 (ETA:    6.315 seconds)
job 6: step     1200/2000 (ETA:    6.316 seconds)
job 14: step     1200/2000 (ETA:    6.315 seconds)
job 18: step     1200/2000 (ETA:    6.311 seconds)
job 2: step     1200/2000 (ETA:    6.312 seconds)
job 10: step     1200/2000 (ETA:    6.315 seconds)
job 22: step     1200/2000 (ETA:    6.315 seconds)
job 4: step     1200/2000 (ETA:    6.315 seconds)
job 12: step     1200/2000 (ETA:    6.316 seconds)
job 20: step     1200/2000 (ETA:    6.315 seconds)
job 24: step     1200/2000 (ETA:    6.250 seconds)
job 8: step     1200/2000 (ETA:    6.308 seconds)
job 16: step     1200/2000 (ETA:    6.311 seconds)
job 0: step     1200/2000 (ETA:    6.505 seconds)
job 15: step     1400/2000 (ETA:    4.734 seconds)
job 25: step     1400/2000 (ETA:    4.733 seconds)
job 23: step     1400/2000 (ETA:    4.733 seconds)
job 26: step     1400/2000 (ETA:    4.736 seconds)
job 13: step     1400/2000 (ETA:    4.734 seconds)
job 7: step     1400/2000 (ETA:    4.734 seconds)
job 19: step     1400/2000 (ETA:    4.733 seconds)
job 3: step     1400/2000 (ETA:    4.730 seconds)
job 5: step     1400/2000 (ETA:    4.730 seconds)
job 11: step     1400/2000 (ETA:    4.734 seconds)
job 17: step     1400/2000 (ETA:    4.734 seconds)
job 1: step     1400/2000 (ETA:    4.733 seconds)
job 9: step     1400/2000 (ETA:    4.735 seconds)
job 14: step     1400/2000 (ETA:    4.733 seconds)
job 21: step     1400/2000 (ETA:    4.732 seconds)
job 6: step     1400/2000 (ETA:    4.734 seconds)
job 2: step     1400/2000 (ETA:    4.731 seconds)
job 10: step     1400/2000 (ETA:    4.733 seconds)
job 18: step     1400/2000 (ETA:    4.731 seconds)
job 4: step     1400/2000 (ETA:    4.733 seconds)
job 22: step     1400/2000 (ETA:    4.733 seconds)
job 12: step     1400/2000 (ETA:    4.734 seconds)
job 20: step     1400/2000 (ETA:    4.733 seconds)
job 8: step     1400/2000 (ETA:    4.728 seconds)
job 24: step     1400/2000 (ETA:    4.691 seconds)
job 16: step     1400/2000 (ETA:    4.730 seconds)
job 0: step     1400/2000 (ETA:    4.855 seconds)
job 25: step     1600/2000 (ETA:    3.156 seconds)
job 26: step     1600/2000 (ETA:    3.158 seconds)
job 15: step     1600/2000 (ETA:    3.156 seconds)
job 23: step     1600/2000 (ETA:    3.155 seconds)
job 17: step     1600/2000 (ETA:    3.157 seconds)
job 21: step     1600/2000 (ETA:    3.155 seconds)
job 7: step     1600/2000 (ETA:    3.156 seconds)
job 13: step     1600/2000 (ETA:    3.156 seconds)
job 19: step     1600/2000 (ETA:    3.156 seconds)
job 1: step     1600/2000 (ETA:    3.156 seconds)
job 3: step     1600/2000 (ETA:    3.154 seconds)
job 5: step     1600/2000 (ETA:    3.154 seconds)
job 11: step     1600/2000 (ETA:    3.157 seconds)
job 6: step     1600/2000 (ETA:    3.156 seconds)
job 9: step     1600/2000 (ETA:    3.157 seconds)
job 22: step     1600/2000 (ETA:    3.156 seconds)
job 2: step     1600/2000 (ETA:    3.155 seconds)
job 14: step     1600/2000 (ETA:    3.156 seconds)
job 10: step     1600/2000 (ETA:    3.156 seconds)
job 18: step     1600/2000 (ETA:    3.154 seconds)
job 4: step     1600/2000 (ETA:    3.156 seconds)
job 12: step     1600/2000 (ETA:    3.156 seconds)
job 20: step     1600/2000 (ETA:    3.156 seconds)
job 24: step     1600/2000 (ETA:    3.132 seconds)
job 8: step     1600/2000 (ETA:    3.153 seconds)
job 16: step     1600/2000 (ETA:    3.154 seconds)
job 0: step     1600/2000 (ETA:    3.227 seconds)
job 23: step     1800/2000 (ETA:    1.575 seconds)
job 25: step     1800/2000 (ETA:    1.576 seconds)
job 15: step     1800/2000 (ETA:    1.576 seconds)
job 26: step     1800/2000 (ETA:    1.576 seconds)
job 21: step     1800/2000 (ETA:    1.575 seconds)
job 7: step     1800/2000 (ETA:    1.575 seconds)
job 17: step     1800/2000 (ETA:    1.576 seconds)
job 13: step     1800/2000 (ETA:    1.576 seconds)
job 19: step     1800/2000 (ETA:    1.576 seconds)
job 22: step     1800/2000 (ETA:    1.575 seconds)
job 14: step     1800/2000 (ETA:    1.575 seconds)
job 18: step     1800/2000 (ETA:    1.575 seconds)
job 5: step     1800/2000 (ETA:    1.575 seconds)
job 20: step     1800/2000 (ETA:    1.575 seconds)
job 1: step     1800/2000 (ETA:    1.576 seconds)
job 3: step     1800/2000 (ETA:    1.574 seconds)
job 6: step     1800/2000 (ETA:    1.576 seconds)
job 9: step     1800/2000 (ETA:    1.576 seconds)
job 11: step     1800/2000 (ETA:    1.576 seconds)
job 2: step     1800/2000 (ETA:    1.575 seconds)
job 10: step     1800/2000 (ETA:    1.576 seconds)
job 24: step     1800/2000 (ETA:    1.565 seconds)
job 12: step     1800/2000 (ETA:    1.576 seconds)
job 4: step     1800/2000 (ETA:    1.576 seconds)
job 8: step     1800/2000 (ETA:    1.574 seconds)
job 16: step     1800/2000 (ETA:    1.575 seconds)
job 0: step     1800/2000 (ETA:    1.607 seconds)
job 25: step     2000/2000
job 26: step     2000/2000
job 15: step     2000/2000
job 23: step     2000/2000
job 7: step     2000/2000
job 17: step     2000/2000
job 3: step     2000/2000
job 21: step     2000/2000
job 5: step     2000/2000
job 9: step     2000/2000
job 11: step     2000/2000
job 13: step     2000/2000
job 19: step     2000/2000
job 1: step     2000/2000
job 6: step     2000/2000
job 2: step     2000/2000
job 18: step     2000/2000
job 14: step     2000/2000
job 10: step     2000/2000
job 22: step     2000/2000
job 4: step     2000/2000
job 12: step     2000/2000
job 20: step     2000/2000
job 24: step     2000/2000
job 8: step     2000/2000
job 16: step     2000/2000
[DEBUG][/home/users/s/m/smage/hpc_proj/main.c:182] All good, time to clean up
[DEBUG][/home/users/s/m/smage/hpc_proj/main.c:182] All good, time to clean up

Elapsed 15.759038 seconds (4.563 Mupdates/s)

[DEBUG][/home/users/s/m/smage/hpc_proj/simulation.c:219] I'm gonna free
[DEBUG][/home/users/s/m/smage/hpc_proj/simulation.c:223] Freeing output 0, 2_2_2_out_p.dat
[DEBUG][/home/users/s/m/smage/hpc_proj/simulation.c:236] Freed simdata outputs
[DEBUG][/home/users/s/m/smage/hpc_proj/main.c:193] Only thing missing is MPI finalize
[DEBUG][/home/users/s/m/smage/hpc_proj/main.c:182] All good, time to clean up

Elapsed 15.747891 seconds (4.566 Mupdates/s)

[DEBUG][/home/users/s/m/smage/hpc_proj/simulation.c:219] I'm gonna free
[DEBUG][/home/users/s/m/smage/hpc_proj/simulation.c:223] Freeing output 0, 2_1_2_out_p.dat
[DEBUG][/home/users/s/m/smage/hpc_proj/simulation.c:236] Freed simdata outputs
[DEBUG][/home/users/s/m/smage/hpc_proj/main.c:193] Only thing missing is MPI finalize

Elapsed 15.750222 seconds (4.566 Mupdates/s)

[DEBUG][/home/users/s/m/smage/hpc_proj/simulation.c:219] I'm gonna free
[DEBUG][/home/users/s/m/smage/hpc_proj/main.c:182] All good, time to clean up

Elapsed 15.753233 seconds (4.565 Mupdates/s)

[DEBUG][/home/users/s/m/smage/hpc_proj/simulation.c:219] I'm gonna free
[DEBUG][/home/users/s/m/smage/hpc_proj/simulation.c:223] Freeing output 0, 1_2_2_out_p.dat
[DEBUG][/home/users/s/m/smage/hpc_proj/simulation.c:236] Freed simdata outputs
[DEBUG][/home/users/s/m/smage/hpc_proj/main.c:193] Only thing missing is MPI finalize
[DEBUG][/home/users/s/m/smage/hpc_proj/simulation.c:223] Freeing output 0, 2_2_1_out_p.dat
[DEBUG][/home/users/s/m/smage/hpc_proj/main.c:182] All good, time to clean up
[DEBUG][/home/users/s/m/smage/hpc_proj/simulation.c:236] Freed simdata outputs
[DEBUG][/home/users/s/m/smage/hpc_proj/main.c:182] All good, time to clean up

Elapsed 15.744965 seconds (4.567 Mupdates/s)

[DEBUG][/home/users/s/m/smage/hpc_proj/simulation.c:219] I'm gonna free
[DEBUG][/home/users/s/m/smage/hpc_proj/simulation.c:223] Freeing output 0, 0_0_2_out_p.dat
[DEBUG][/home/users/s/m/smage/hpc_proj/simulation.c:236] Freed simdata outputs
[DEBUG][/home/users/s/m/smage/hpc_proj/main.c:193] Only thing missing is MPI finalize

Elapsed 15.752044 seconds (4.565 Mupdates/s)

[DEBUG][/home/users/s/m/smage/hpc_proj/simulation.c:219] I'm gonna free
[DEBUG][/home/users/s/m/smage/hpc_proj/simulation.c:223] Freeing output 0, 0_2_0_out_p.dat
[DEBUG][/home/users/s/m/smage/hpc_proj/simulation.c:236] Freed simdata outputs
[DEBUG][/home/users/s/m/smage/hpc_proj/main.c:193] Only thing missing is MPI finalize
[DEBUG][/home/users/s/m/smage/hpc_proj/main.c:182] All good, time to clean up

Elapsed 15.749756 seconds (4.566 Mupdates/s)

[DEBUG][/home/users/s/m/smage/hpc_proj/simulation.c:219] I'm gonna free
[DEBUG][/home/users/s/m/smage/hpc_proj/simulation.c:223] Freeing output 0, 1_1_2_out_p.dat
[DEBUG][/home/users/s/m/smage/hpc_proj/simulation.c:236] Freed simdata outputs
[DEBUG][/home/users/s/m/smage/hpc_proj/main.c:193] Only thing missing is MPI finalize
[DEBUG][/home/users/s/m/smage/hpc_proj/main.c:182] All good, time to clean up

Elapsed 15.742071 seconds (4.568 Mupdates/s)

[DEBUG][/home/users/s/m/smage/hpc_proj/simulation.c:219] I'm gonna free
[DEBUG][/home/users/s/m/smage/hpc_proj/simulation.c:223] Freeing output 0, 2_0_0_out_p.dat
[DEBUG][/home/users/s/m/smage/hpc_proj/simulation.c:236] Freed simdata outputs
[DEBUG][/home/users/s/m/smage/hpc_proj/main.c:193] Only thing missing is MPI finalize
[DEBUG][/home/users/s/m/smage/hpc_proj/main.c:182] All good, time to clean up

Elapsed 15.750401 seconds (4.566 Mupdates/s)

[DEBUG][/home/users/s/m/smage/hpc_proj/simulation.c:219] I'm gonna free
[DEBUG][/home/users/s/m/smage/hpc_proj/simulation.c:223] Freeing output 0, 0_0_1_out_p.dat
[DEBUG][/home/users/s/m/smage/hpc_proj/simulation.c:236] Freed simdata outputs
[DEBUG][/home/users/s/m/smage/hpc_proj/main.c:193] Only thing missing is MPI finalize
[DEBUG][/home/users/s/m/smage/hpc_proj/main.c:182] All good, time to clean up
[DEBUG][/home/users/s/m/smage/hpc_proj/main.c:182] All good, time to clean up

Elapsed 15.750103 seconds (4.566 Mupdates/s)

[DEBUG][/home/users/s/m/smage/hpc_proj/simulation.c:219] I'm gonna free
[DEBUG][/home/users/s/m/smage/hpc_proj/simulation.c:223] Freeing output 0, 1_0_1_out_p.dat
[DEBUG][/home/users/s/m/smage/hpc_proj/simulation.c:236] Freed simdata outputs
[DEBUG][/home/users/s/m/smage/hpc_proj/main.c:193] Only thing missing is MPI finalize
[DEBUG][/home/users/s/m/smage/hpc_proj/main.c:193] Only thing missing is MPI finalize
[DEBUG][/home/users/s/m/smage/hpc_proj/main.c:182] All good, time to clean up

Elapsed 15.749814 seconds (4.566 Mupdates/s)

[DEBUG][/home/users/s/m/smage/hpc_proj/simulation.c:219] I'm gonna free
[DEBUG][/home/users/s/m/smage/hpc_proj/simulation.c:223] Freeing output 0, 2_1_1_out_p.dat
[DEBUG][/home/users/s/m/smage/hpc_proj/simulation.c:236] Freed simdata outputs
[DEBUG][/home/users/s/m/smage/hpc_proj/main.c:193] Only thing missing is MPI finalize
[DEBUG][/home/users/s/m/smage/hpc_proj/main.c:182] All good, time to clean up

Elapsed 15.753150 seconds (4.565 Mupdates/s)

[DEBUG][/home/users/s/m/smage/hpc_proj/simulation.c:219] I'm gonna free
[DEBUG][/home/users/s/m/smage/hpc_proj/simulation.c:223] Freeing output 0, 1_0_2_out_p.dat
[DEBUG][/home/users/s/m/smage/hpc_proj/simulation.c:236] Freed simdata outputs
[DEBUG][/home/users/s/m/smage/hpc_proj/main.c:193] Only thing missing is MPI finalize
[DEBUG][/home/users/s/m/smage/hpc_proj/main.c:182] All good, time to clean up

Elapsed 15.751051 seconds (4.565 Mupdates/s)

[DEBUG][/home/users/s/m/smage/hpc_proj/simulation.c:219] I'm gonna free
[DEBUG][/home/users/s/m/smage/hpc_proj/simulation.c:223] Freeing output 0, 2_0_1_out_p.dat
[DEBUG][/home/users/s/m/smage/hpc_proj/simulation.c:236] Freed simdata outputs
[DEBUG][/home/users/s/m/smage/hpc_proj/main.c:193] Only thing missing is MPI finalize
[DEBUG][/home/users/s/m/smage/hpc_proj/main.c:182] All good, time to clean up

Elapsed 15.747538 seconds (4.566 Mupdates/s)

[DEBUG][/home/users/s/m/smage/hpc_proj/simulation.c:219] I'm gonna free
[DEBUG][/home/users/s/m/smage/hpc_proj/simulation.c:223] Freeing output 0, 2_0_2_out_p.dat
[DEBUG][/home/users/s/m/smage/hpc_proj/simulation.c:236] Freed simdata outputs
[DEBUG][/home/users/s/m/smage/hpc_proj/main.c:193] Only thing missing is MPI finalize
[DEBUG][/home/users/s/m/smage/hpc_proj/main.c:182] All good, time to clean up

Elapsed 15.737448 seconds (4.569 Mupdates/s)

[DEBUG][/home/users/s/m/smage/hpc_proj/simulation.c:219] I'm gonna free
[DEBUG][/home/users/s/m/smage/hpc_proj/simulation.c:223] Freeing output 0, 0_1_0_out_p.dat
[DEBUG][/home/users/s/m/smage/hpc_proj/simulation.c:236] Freed simdata outputs
[DEBUG][/home/users/s/m/smage/hpc_proj/main.c:193] Only thing missing is MPI finalize
[DEBUG][/home/users/s/m/smage/hpc_proj/main.c:182] All good, time to clean up

Elapsed 15.750635 seconds (4.566 Mupdates/s)

[DEBUG][/home/users/s/m/smage/hpc_proj/simulation.c:219] I'm gonna free
[DEBUG][/home/users/s/m/smage/hpc_proj/simulation.c:223] Freeing output 0, 1_1_0_out_p.dat
[DEBUG][/home/users/s/m/smage/hpc_proj/simulation.c:236] Freed simdata outputs
[DEBUG][/home/users/s/m/smage/hpc_proj/main.c:193] Only thing missing is MPI finalize
[DEBUG][/home/users/s/m/smage/hpc_proj/main.c:182] All good, time to clean up

Elapsed 15.755127 seconds (4.564 Mupdates/s)

[DEBUG][/home/users/s/m/smage/hpc_proj/simulation.c:219] I'm gonna free
[DEBUG][/home/users/s/m/smage/hpc_proj/simulation.c:223] Freeing output 0, 1_0_0_out_p.dat
[DEBUG][/home/users/s/m/smage/hpc_proj/simulation.c:236] Freed simdata outputs
[DEBUG][/home/users/s/m/smage/hpc_proj/main.c:193] Only thing missing is MPI finalize
[DEBUG][/home/users/s/m/smage/hpc_proj/main.c:182] All good, time to clean up

Elapsed 15.736411 seconds (4.570 Mupdates/s)

[DEBUG][/home/users/s/m/smage/hpc_proj/simulation.c:219] I'm gonna free
[DEBUG][/home/users/s/m/smage/hpc_proj/simulation.c:223] Freeing output 0, 0_2_2_out_p.dat
[DEBUG][/home/users/s/m/smage/hpc_proj/simulation.c:236] Freed simdata outputs
[DEBUG][/home/users/s/m/smage/hpc_proj/main.c:182] All good, time to clean up

Elapsed 15.747823 seconds (4.566 Mupdates/s)

[DEBUG][/home/users/s/m/smage/hpc_proj/simulation.c:219] I'm gonna free
[DEBUG][/home/users/s/m/smage/hpc_proj/simulation.c:223] Freeing output 0, 2_1_0_out_p.dat
[DEBUG][/home/users/s/m/smage/hpc_proj/simulation.c:236] Freed simdata outputs
[DEBUG][/home/users/s/m/smage/hpc_proj/main.c:193] Only thing missing is MPI finalize
[DEBUG][/home/users/s/m/smage/hpc_proj/main.c:182] All good, time to clean up

Elapsed 15.740294 seconds (4.569 Mupdates/s)

[DEBUG][/home/users/s/m/smage/hpc_proj/simulation.c:219] I'm gonna free
[DEBUG][/home/users/s/m/smage/hpc_proj/simulation.c:223] Freeing output 0, 0_1_2_out_p.dat
[DEBUG][/home/users/s/m/smage/hpc_proj/simulation.c:236] Freed simdata outputs
[DEBUG][/home/users/s/m/smage/hpc_proj/main.c:193] Only thing missing is MPI finalize
[DEBUG][/home/users/s/m/smage/hpc_proj/main.c:193] Only thing missing is MPI finalize
[DEBUG][/home/users/s/m/smage/hpc_proj/main.c:182] All good, time to clean up

Elapsed 15.652612 seconds (4.594 Mupdates/s)

[DEBUG][/home/users/s/m/smage/hpc_proj/simulation.c:219] I'm gonna free
[DEBUG][/home/users/s/m/smage/hpc_proj/simulation.c:223] Freeing output 0, 2_2_0_out_p.dat
[DEBUG][/home/users/s/m/smage/hpc_proj/simulation.c:236] Freed simdata outputs
[DEBUG][/home/users/s/m/smage/hpc_proj/main.c:193] Only thing missing is MPI finalize

Elapsed 15.749657 seconds (4.566 Mupdates/s)

[DEBUG][/home/users/s/m/smage/hpc_proj/simulation.c:219] I'm gonna free
[DEBUG][/home/users/s/m/smage/hpc_proj/simulation.c:223] Freeing output 0, 0_1_1_out_p.dat
[DEBUG][/home/users/s/m/smage/hpc_proj/simulation.c:236] Freed simdata outputs
[DEBUG][/home/users/s/m/smage/hpc_proj/main.c:193] Only thing missing is MPI finalize
[DEBUG][/home/users/s/m/smage/hpc_proj/main.c:182] All good, time to clean up
[DEBUG][/home/users/s/m/smage/hpc_proj/main.c:182] All good, time to clean up

Elapsed 15.752888 seconds (4.565 Mupdates/s)

[DEBUG][/home/users/s/m/smage/hpc_proj/simulation.c:219] I'm gonna free
[DEBUG][/home/users/s/m/smage/hpc_proj/simulation.c:223] Freeing output 0, 1_2_0_out_p.dat
[DEBUG][/home/users/s/m/smage/hpc_proj/simulation.c:236] Freed simdata outputs
[DEBUG][/home/users/s/m/smage/hpc_proj/main.c:193] Only thing missing is MPI finalize
[DEBUG][/home/users/s/m/smage/hpc_proj/main.c:182] All good, time to clean up

Elapsed 15.741148 seconds (4.568 Mupdates/s)

[DEBUG][/home/users/s/m/smage/hpc_proj/simulation.c:219] I'm gonna free
[DEBUG][/home/users/s/m/smage/hpc_proj/simulation.c:223] Freeing output 0, 1_2_1_out_p.dat
[DEBUG][/home/users/s/m/smage/hpc_proj/simulation.c:236] Freed simdata outputs
[DEBUG][/home/users/s/m/smage/hpc_proj/main.c:193] Only thing missing is MPI finalize
[DEBUG][/home/users/s/m/smage/hpc_proj/main.c:182] All good, time to clean up

Elapsed 15.753539 seconds (4.565 Mupdates/s)

[DEBUG][/home/users/s/m/smage/hpc_proj/simulation.c:219] I'm gonna free
[DEBUG][/home/users/s/m/smage/hpc_proj/simulation.c:223] Freeing output 0, 1_1_1_out_p.dat
[DEBUG][/home/users/s/m/smage/hpc_proj/simulation.c:236] Freed simdata outputs
[DEBUG][/home/users/s/m/smage/hpc_proj/main.c:193] Only thing missing is MPI finalize

Elapsed 15.752229 seconds (4.565 Mupdates/s)

[DEBUG][/home/users/s/m/smage/hpc_proj/simulation.c:219] I'm gonna free
[DEBUG][/home/users/s/m/smage/hpc_proj/simulation.c:223] Freeing output 0, 0_2_1_out_p.dat
[DEBUG][/home/users/s/m/smage/hpc_proj/simulation.c:236] Freed simdata outputs
[DEBUG][/home/users/s/m/smage/hpc_proj/main.c:193] Only thing missing is MPI finalize
job 0: step     2000/2000
[DEBUG][/home/users/s/m/smage/hpc_proj/main.c:182] All good, time to clean up

Elapsed 16.038769 seconds (4.484 Mupdates/s)

[DEBUG][/home/users/s/m/smage/hpc_proj/simulation.c:219] I'm gonna free
[DEBUG][/home/users/s/m/smage/hpc_proj/simulation.c:223] Freeing output 0, 0_0_0_out_p.dat
[DEBUG][/home/users/s/m/smage/hpc_proj/simulation.c:236] Freed simdata outputs
[DEBUG][/home/users/s/m/smage/hpc_proj/main.c:193] Only thing missing is MPI finalize
S=C=A=N: Tue Nov 28 14:16:56 2023: Collect done (status=0) 19s
